#
# An unexpected error has occurred (11)
#
Stack:
/home/prasanth/new_volume/Vivado/2019.2/tps/lnx64/jre9.0.4/lib//server/libjvm.so(+0xb6aadb) [0x7f8946d9fadb]
/home/prasanth/new_volume/Vivado/2019.2/tps/lnx64/jre9.0.4/lib//server/libjvm.so(JVM_handle_linux_signal+0xbb) [0x7f8946da4e1b]
/home/prasanth/new_volume/Vivado/2019.2/tps/lnx64/jre9.0.4/lib//server/libjvm.so(+0xb647b8) [0x7f8946d997b8]
/lib/x86_64-linux-gnu/libc.so.6(+0x354c0) [0x7f89925834c0]
/home/prasanth/new_volume/Vivado/2019.2/lib/lnx64.o/librdi_simbridge_kernel.so(SimBridge::CArray::empty() const+0) [0x7f894be25540]
/home/prasanth/new_volume/Vivado/2019.2/lib/lnx64.o/librdi_simbridge_kernel.so(SimBridge::WdbEventBlock::addBlock(SimBridge::WdbIBlockManager&, unsigned int&) const+0x1e) [0x7f894be25c1e]
/home/prasanth/new_volume/Vivado/2019.2/lib/lnx64.o/librdi_simbridge_kernel.so(SimBridge::WdbMultipleBucketEventDatabase::getEventBlockDatabaseIterator(std::vector<SimBridge::WdbScalarBTree*, std::allocator<SimBridge::WdbScalarBTree*> > const&, std::vector<boost::shared_ptr<SimBridge::WdbIEventBlockIterator>, std::allocator<boost::shared_ptr<SimBridge::WdbIEventBlockIterator> > >&, std::vector<std::vector<SimBridge::WdbScalarBTree*, std::allocator<SimBridge::WdbScalarBTree*> >, std::allocator<std::vector<SimBridge::WdbScalarBTree*, std::allocator<SimBridge::WdbScalarBTree*> > > >&) const+0x691) [0x7f894be3efd1]
/home/prasanth/new_volume/Vivado/2019.2/lib/lnx64.o/librdi_simbridge_kernel.so(SimBridge::WdbAddressBTreeManager::scanWdbDatabaseMultiThread(std::vector<SimBridge::WdbScalarBTree*, std::allocator<SimBridge::WdbScalarBTree*> > const&, ISIM::IGuiStatus*)+0xc4) [0x7f894be1cb74]
/home/prasanth/new_volume/Vivado/2019.2/lib/lnx64.o/librdi_wavedata.so(SimBridge::DataObjMgr::createDrawingBTree(std::vector<SimBridge::IDataObj const*, std::allocator<SimBridge::IDataObj const*> > const&, ISIM::IGuiStatus*, bool)+0x32a) [0x7f89553fdc1a]
/home/prasanth/new_volume/Vivado/2019.2/lib/lnx64.o/librdi_wavedata.so(+0x2d8c32) [0x7f89554b7c32]
/home/prasanth/new_volume/Vivado/2019.2/lib/lnx64.o/librdi_wavedata.so(+0x2d8edc) [0x7f89554b7edc]
/home/prasanth/new_volume/Vivado/2019.2/lib/lnx64.o/librdi_wavedata.so(SG_Model::ModelImp::updateData(SG_Model::WVDataObject*, bool)+0x30f) [0x7f89554b1e8f]
/home/prasanth/new_volume/Vivado/2019.2/lib/lnx64.o/librdi_wavedata.so(SG_Model::ModelImp::updateData(SG_Model::WVDataObject*, bool)+0x18f) [0x7f89554b1d0f]
/home/prasanth/new_volume/Vivado/2019.2/lib/lnx64.o/librdi_wavedata.so(SG_Model::ModelImp::updateData()+0x96b) [0x7f89554b2b7b]
/home/prasanth/new_volume/Vivado/2019.2/lib/lnx64.o/librdi_wavedata.so(+0x2d9bd6) [0x7f89554b8bd6]
/home/prasanth/new_volume/Vivado/2019.2/lib/lnx64.o/librdi_wavedata.so(SG_Common::Subject::sendEvent(SG_Common::Event const*) const+0x106) [0x7f8955471476]
/home/prasanth/new_volume/Vivado/2019.2/lib/lnx64.o/librdi_wavedata.so(+0x2b0c4b) [0x7f895548fc4b]
/home/prasanth/new_volume/Vivado/2019.2/lib/lnx64.o/librdi_wavedata.so(SG_Common::Subject::sendEvent(SG_Common::Event const*) const+0x106) [0x7f8955471476]
/home/prasanth/new_volume/Vivado/2019.2/lib/lnx64.o/librdi_wavedata.so(+0x2b0d04) [0x7f895548fd04]
/home/prasanth/new_volume/Vivado/2019.2/lib/lnx64.o/librdi_wavedata.so(SG_Common::Subject::sendEvent(SG_Common::Event const*) const+0x106) [0x7f8955471476]
/home/prasanth/new_volume/Vivado/2019.2/lib/lnx64.o/librdi_wavedata.so(SG_Model::LiveDatabase::notifyReconnect()+0x29) [0x7f89554a9089]
/home/prasanth/new_volume/Vivado/2019.2/lib/lnx64.o/librdi_simdata.so(RSDData::RSDLiveSimulationObject::startEngineProcess(bool, bool, bool)+0x433) [0x7f895954bc53]
/home/prasanth/new_volume/Vivado/2019.2/lib/lnx64.o/librdi_simtcltasks.so(+0x1eba8a) [0x7f890da68a8a]
/home/prasanth/new_volume/Vivado/2019.2/lib/lnx64.o/librdi_common.so(+0x86eca2) [0x7f899392aca2]
/home/prasanth/new_volume/Vivado/2019.2/lib/lnx64.o/libtcl8.5.so(+0x334af) [0x7f898da9f4af]
/home/prasanth/new_volume/Vivado/2019.2/lib/lnx64.o/libtcl8.5.so(+0x76875) [0x7f898dae2875]
/home/prasanth/new_volume/Vivado/2019.2/lib/lnx64.o/libtcl8.5.so(+0x7e029) [0x7f898daea029]
/home/prasanth/new_volume/Vivado/2019.2/lib/lnx64.o/libtcl8.5.so(TclEvalObjEx+0x76) [0x7f898daa1156]
/home/prasanth/new_volume/Vivado/2019.2/lib/lnx64.o/librdi_common.so(hdi::tcltasks::task_manager::eval_in_tcl(Tcl_Interp*, Tcl_Obj*, char const*, bool)+0xab9) [0x7f899392cad9]
/home/prasanth/new_volume/Vivado/2019.2/lib/lnx64.o/librdi_common.so(hdi::tcltasks::task_manager::eval_in_tcl(Tcl_Interp*, char const*, char const*, bool)+0x12a) [0x7f899392d4da]
/home/prasanth/new_volume/Vivado/2019.2/lib/lnx64.o/librdi_common.so(hdi::tcltasks::task_manager::eval_in_tcl_throw(Tcl_Interp*, char const*, char const*, bool)+0x10) [0x7f899392d600]
/home/prasanth/new_volume/Vivado/2019.2/lib/lnx64.o/librdi_simtcltasks.so(+0x1e7479) [0x7f890da64479]
/home/prasanth/new_volume/Vivado/2019.2/lib/lnx64.o/librdi_common.so(+0x86eca2) [0x7f899392aca2]
/home/prasanth/new_volume/Vivado/2019.2/lib/lnx64.o/libtcl8.5.so(+0x334af) [0x7f898da9f4af]
/home/prasanth/new_volume/Vivado/2019.2/lib/lnx64.o/libtcl8.5.so(+0x76875) [0x7f898dae2875]
/home/prasanth/new_volume/Vivado/2019.2/lib/lnx64.o/libtcl8.5.so(+0x7e029) [0x7f898daea029]
/home/prasanth/new_volume/Vivado/2019.2/lib/lnx64.o/libtcl8.5.so(TclEvalObjEx+0x76) [0x7f898daa1156]
/home/prasanth/new_volume/Vivado/2019.2/lib/lnx64.o/librdi_common.so(+0x86d1b1) [0x7f89939291b1]
/home/prasanth/new_volume/Vivado/2019.2/lib/lnx64.o/libtcl8.5.so(Tcl_ServiceEvent+0x7f) [0x7f898db13b0f]
/home/prasanth/new_volume/Vivado/2019.2/lib/lnx64.o/libtcl8.5.so(Tcl_DoOneEvent+0x154) [0x7f898db13e44]
/home/prasanth/new_volume/Vivado/2019.2/lib/lnx64.o/librdi_commontasks.so(+0x2da555) [0x7f8987ae8555]
/home/prasanth/new_volume/Vivado/2019.2/lib/lnx64.o/librdi_commontasks.so(+0x2df101) [0x7f8987aed101]
/home/prasanth/new_volume/Vivado/2019.2/lib/lnx64.o/librdi_commontasks.so(+0x2e011e) [0x7f8987aee11e]
/home/prasanth/new_volume/Vivado/2019.2/lib/lnx64.o/librdi_common.so(+0x86eca2) [0x7f899392aca2]
/home/prasanth/new_volume/Vivado/2019.2/lib/lnx64.o/libtcl8.5.so(+0x334af) [0x7f898da9f4af]
/home/prasanth/new_volume/Vivado/2019.2/lib/lnx64.o/libtcl8.5.so(+0x76875) [0x7f898dae2875]
/home/prasanth/new_volume/Vivado/2019.2/lib/lnx64.o/libtcl8.5.so(+0x7e029) [0x7f898daea029]
/home/prasanth/new_volume/Vivado/2019.2/lib/lnx64.o/libtcl8.5.so(TclEvalObjEx+0x76) [0x7f898daa1156]
/home/prasanth/new_volume/Vivado/2019.2/lib/lnx64.o/librdi_commonmain.so(+0x7af3) [0x7f8992eb5af3]
/home/prasanth/new_volume/Vivado/2019.2/lib/lnx64.o/libtcl8.5.so(Tcl_Main+0x1d0) [0x7f898db0c210]
/home/prasanth/new_volume/Vivado/2019.2/lib/lnx64.o/librdi_common.so(+0x8b30cb) [0x7f899396f0cb]
/lib/x86_64-linux-gnu/libpthread.so.0(+0x76ba) [0x7f89923386ba]
/lib/x86_64-linux-gnu/libc.so.6(clone+0x6d) [0x7f89926554dd]
