Vivado Simulator 2019.2
Time resolution is 1 ps
ifetch 0x00000000: 0x3bc00093
ifetch 0x00000004: 0x32000193
ifetch 0x00000008: 0x04000113
ifetch 0x0000000c: 0x00017257
ifetch 0x00000010: 0x0200f007
ifetch 0x00000014: 0x0201f087
read   0x000003bc: 0x01030204
read   0x000003c0: 0x01030204
read   0x000003c4: 0x01030204
read   0x000003c8: 0x01030204
read   0x000003cc: 0x01030204
read   0x000003d0: 0x01030204
read   0x000003d4: 0x01030204
read   0x000003d8: 0x01030204
read   0x000003dc: 0x01030204
read   0x000003e0: 0x01030204
read   0x000003e4: 0x01030204
read   0x000003e8: 0x01030204
read   0x000003ec: 0x01030204
read   0x000003f0: 0x01030204
read   0x000003f4: 0x01030204
read   0x000003f8: 0x01030204
write:V 0 - > 01030204010302040103020401030204010302040103020401030204010302040103020401030204010302040103020401030204010302040103020401030204 

ifetch 0x00000018: 0x02100157
read   0x00000320: 0x01030204
read   0x00000324: 0x01030204
read   0x00000328: 0x01030204
read   0x0000032c: 0x01030204
read   0x00000330: 0x01030204
read   0x00000334: 0x01030204
read   0x00000338: 0x01030204
read   0x0000033c: 0x01030204
read   0x00000340: 0x01030204
read   0x00000344: 0x01030204
read   0x00000348: 0x01030204
read   0x0000034c: 0x01030204
read   0x00000350: 0x01030204
read   0x00000354: 0x01030204
read   0x00000358: 0x01030204
read   0x0000035c: 0x01030204
write:V 1 - > 01030204010302040103020401030204010302040103020401030204010302040103020401030204010302040103020401030204010302040103020401030204 

Instruction inside co-processor: 0x02100157, pcpi_valid: 1
rs1 data inside co-processor: 0x01030204010302040103020401030204010302040103020401030204010302040103020401030204010302040103020401030204010302040103020401030204
rs2 data inside co-processor: 0x01030204010302040103020401030204010302040103020401030204010302040103020401030204010302040103020401030204010302040103020401030204
Vector add result = 0xxxxxxxxxxxxxxxxxxxxxxxxxxxxxxxxxxxxxxxxxxxxxxxxxxxxxxxxxxxxxxxxxxxxxxxxxxxxxxxxxxxxxxxxxxxxxxxxxxxxxxxxxxxxxxxxxxxxxxxxxxxxxxxxx
ifetch 0x0000001c: 0xe6100157
Instruction inside co-processor: 0x02100157, pcpi_valid: 1
rs1 data inside co-processor: 0x01030204010302040103020401030204010302040103020401030204010302040103020401030204010302040103020401030204010302040103020401030204
rs2 data inside co-processor: 0x01030204010302040103020401030204010302040103020401030204010302040103020401030204010302040103020401030204010302040103020401030204
Vector add result = 0x02060408020604080206040802060408020604080206040802060408020604080206040802060408020604080206040802060408020604080206040802060408
Instruction inside co-processor: 0xe6100157, pcpi_valid: 1
rs1 data inside co-processor: 0x01030204010302040103020401030204010302040103020401030204010302040103020401030204010302040103020401030204010302040103020401030204
rs2 data inside co-processor: 0x01030204010302040103020401030204010302040103020401030204010302040103020401030204010302040103020401030204010302040103020401030204
Vector dot product result = 0xxxxxxxxxxxxxxxxxxxxxxxxxxxxxxxxxxxxxxxxxxxxxxxxxxxxxxxxxxxxxxxxxxxxxxxxxxxxxxxxxxxxxxxxxxxxxxxxxxxxxxxxxxxxxxxxxxxxxxxxxxxxxxxxx
ifetch 0x00000020: 0x00000093
Instruction inside co-processor: 0xe6100157, pcpi_valid: 1
rs1 data inside co-processor: 0x01030204010302040103020401030204010302040103020401030204010302040103020401030204010302040103020401030204010302040103020401030204
rs2 data inside co-processor: 0x01030204010302040103020401030204010302040103020401030204010302040103020401030204010302040103020401030204010302040103020401030204
Vector dot product result = 0xxxxxxxxxxxxxxxxxxxxxxxxxxxxxxxxxxxxxxxxxxxxxxxxxxxxxxxxxxxxxxxxxxxxxxxxxxxxxxxxxxxxxxxxxxxxxxxxxxxxxxxxxxxxxxxxxxxxxxxxxxxxxxxxx
ifetch 0x00000024: 0x00000093
ifetch 0x00000028: 0x00000093
ifetch 0x0000002c: 0x00000093
ifetch 0x00000030: 0x00000093
ifetch 0x00000034: 0x00000093
ifetch 0x00000038: 0x00000093
ifetch 0x0000003c: 0x00000093
ifetch 0x00000040: 0x00000093
ifetch 0x00000044: 0x00000093
ifetch 0x00000048: 0x00000093
ifetch 0x0000004c: 0x00000093
ifetch 0x00000050: 0x00000093
ifetch 0x00000054: 0x00000093
ifetch 0x00000058: 0x00000093
ifetch 0x0000005c: 0x00000093
ifetch 0x00000060: 0x00000093
ifetch 0x00000064: 0x00000093
ifetch 0x00000068: 0x00000093
ifetch 0x0000006c: 0x00000093
ifetch 0x00000070: 0x00000093
ifetch 0x00000074: 0x00000093
ifetch 0x00000078: 0x00000093
ifetch 0x0000007c: 0x00000093
ifetch 0x00000080: 0x00000093
ifetch 0x00000084: 0x00000093
ifetch 0x00000088: 0x00000093
ifetch 0x0000008c: 0x00000093
ifetch 0x00000090: 0x00000093
ifetch 0x00000094: 0x00000093
ifetch 0x00000098: 0x00000093
ifetch 0x0000009c: 0x00000093
ifetch 0x000000a0: 0x00000093
ifetch 0x000000a4: 0x00000093
$finish called at time : 3010 ns : File "/home/prasanth/Desktop/iiitb/4_year/8-sem/NR-PE/pico_vecPCPI/testbench_ez_vec.v" Line 26
